TN:
SF:script/DeployFundMe.s.sol
DA:9,9
FN:9,DeployFundMe.run
FNDA:9,DeployFundMe.run
DA:10,9
DA:11,9
DA:13,9
DA:14,9
DA:15,9
DA:16,9
FNF:1
FNH:1
LF:7
LH:7
BRF:0
BRH:0
end_of_record
TN:
SF:script/HelperConfig.s.sol
DA:17,9
FN:17,HelperConfig.constructor
FNDA:9,HelperConfig.constructor
DA:18,9
BRDA:18,0,0,0
BRDA:18,0,1,9
DA:19,0
DA:20,9
BRDA:20,1,0,0
BRDA:20,1,1,9
DA:21,0
DA:23,9
DA:27,0
FN:27,HelperConfig.getSepoliaETHConfig
FNDA:0,HelperConfig.getSepoliaETHConfig
DA:28,0
DA:31,0
DA:34,0
FN:34,HelperConfig.getMainnetETHConfig
FNDA:0,HelperConfig.getMainnetETHConfig
DA:35,0
DA:38,0
DA:41,9
FN:41,HelperConfig.getOrCreateAnvilETHConfig
FNDA:9,HelperConfig.getOrCreateAnvilETHConfig
DA:42,9
BRDA:42,2,0,0
DA:43,0
DA:46,9
DA:47,9
DA:51,9
DA:53,9
DA:56,9
FNF:4
FNH:2
LF:20
LH:11
BRF:5
BRH:2
end_of_record
TN:
SF:src/FundMe.sol
DA:20,9
FN:20,FundMe.constructor
FNDA:9,FundMe.constructor
DA:21,9
DA:22,9
DA:25,3
FN:25,FundMe.onlyowner
FNDA:3,FundMe.onlyowner
DA:27,3
BRDA:27,0,0,1
DA:28,1
DA:33,15
FN:33,FundMe.fund
FNDA:15,FundMe.fund
DA:34,15
BRDA:34,1,0,1
BRDA:34,1,1,14
DA:38,14
DA:39,14
DA:42,3
FN:42,FundMe.withdraw
FNDA:3,FundMe.withdraw
DA:44,2
DA:45,13
DA:46,11
DA:48,11
DA:49,11
DA:51,2
DA:53,2
DA:56,2
BRDA:56,2,0,0
BRDA:56,2,1,2
DA:59,1
FN:59,FundMe.getVersion
FNDA:1,FundMe.getVersion
DA:60,1
DA:63,0
FN:63,FundMe.receive
FNDA:0,FundMe.receive
DA:64,0
DA:67,0
FN:67,FundMe.fallback
FNDA:0,FundMe.fallback
DA:68,0
DA:71,1
FN:71,FundMe.getAddressToAmountFunded
FNDA:1,FundMe.getAddressToAmountFunded
DA:74,1
DA:77,1
FN:77,FundMe.getFunder
FNDA:1,FundMe.getFunder
DA:78,1
DA:81,7
FN:81,FundMe.getOwner
FNDA:7,FundMe.getOwner
DA:82,7
FNF:10
FNH:8
LF:31
LH:27
BRF:5
BRH:4
end_of_record
TN:
SF:src/PriceConverter.sol
DA:7,15
FN:7,PriceConverter.getPrice
FNDA:15,PriceConverter.getPrice
DA:10,15
DA:11,15
DA:14,15
FN:14,PriceConverter.getConversionRate
FNDA:15,PriceConverter.getConversionRate
DA:18,15
DA:19,15
DA:20,15
DA:23,0
FN:23,PriceConverter.getVersion
FNDA:0,PriceConverter.getVersion
DA:24,0
DA:27,0
FNF:3
FNH:2
LF:10
LH:7
BRF:0
BRH:0
end_of_record
TN:
SF:test/mocks/MockV3Aggregator.sol
DA:26,9
FN:26,MockV3Aggregator.constructor
FNDA:9,MockV3Aggregator.constructor
DA:27,9
DA:28,9
DA:31,9
FN:31,MockV3Aggregator.updateAnswer
FNDA:9,MockV3Aggregator.updateAnswer
DA:32,9
DA:33,9
DA:34,9
DA:35,9
DA:36,9
DA:37,9
DA:40,0
FN:40,MockV3Aggregator.updateRoundData
FNDA:0,MockV3Aggregator.updateRoundData
DA:46,0
DA:47,0
DA:48,0
DA:49,0
DA:50,0
DA:51,0
DA:54,0
FN:54,MockV3Aggregator.getRoundData
FNDA:0,MockV3Aggregator.getRoundData
DA:67,0
DA:76,15
FN:76,MockV3Aggregator.latestRoundData
FNDA:15,MockV3Aggregator.latestRoundData
DA:87,15
DA:96,0
FN:96,MockV3Aggregator.description
FNDA:0,MockV3Aggregator.description
DA:97,0
FNF:6
FNH:3
LF:23
LH:12
BRF:0
BRH:0
end_of_record
